<?xml version="1.0" encoding="UTF-8"?>
<!-- Generated by org.testng.reporters.JUnitXMLReporter -->
<testsuite hostname="Jalarambapa" ignored="1" name="p6-sw5-tutorialsninja-harshit-patel" tests="1" failures="0" timestamp="2022-12-13T20:50:14 GMT" time="24.089" errors="0">
  <testcase name="verifyProductAddedToShoppingCartSuccessFully" time="16.876" classname="com.tutorialsninja.testsuite.DesktopsTest"/>
  <testcase name="verifyProductArrangeInAlphaBaticalOrder" time="0.0" classname="com.tutorialsninja.testsuite.DesktopsTest">
    <ignored/>
  </testcase> <!-- verifyProductArrangeInAlphaBaticalOrder -->
</testsuite> <!-- p6-sw5-tutorialsninja-harshit-patel -->
