<?xml version="1.0" encoding="UTF-8"?>
<!-- Generated by org.testng.reporters.JUnitXMLReporter -->
<testsuite hostname="Jalarambapa" ignored="6" name="Smoke Test" tests="5" failures="0" timestamp="2022-12-13T22:16:24 GMT" time="96.381" errors="0">
  <testcase name="verifyProductAddedToShoppingCartSuccessFully" time="16.818" classname="com.tutorialsninja.testsuite.DesktopsTest"/>
  <testcase name="verifyUserShouldNavigateToLaptopsAndNotebooksPageSuccessfully" time="1.101" classname="com.tutorialsninja.testsuite.HomepageTest"/>
  <testcase name="verifyThatUserPlaceOrderSuccessfully" time="15.921" classname="com.tutorialsninja.testsuite.LaptopsAndNoteBooksTest"/>
  <testcase name="verifyThatUserRegisterAccountSuccessfully" time="33.075" classname="com.tutorialsninja.testsuite.MyAccountsTest"/>
  <testcase name="verifyUserShouldNavigateToLoginPageSuccessfully" time="0.696" classname="com.tutorialsninja.testsuite.MyAccountsTest"/>
  <testcase name="verifyUserShouldNavigateToRegisterPageSuccessfully" time="0.0" classname="com.tutorialsninja.testsuite.MyAccountsTest">
    <ignored/>
  </testcase> <!-- verifyUserShouldNavigateToRegisterPageSuccessfully -->
  <testcase name="verifyProductArrangeInAlphaBaticalOrder" time="0.0" classname="com.tutorialsninja.testsuite.DesktopsTest">
    <ignored/>
  </testcase> <!-- verifyProductArrangeInAlphaBaticalOrder -->
  <testcase name="verifyUserShouldNavigateToComponentsPageSuccessfully" time="0.0" classname="com.tutorialsninja.testsuite.HomepageTest">
    <ignored/>
  </testcase> <!-- verifyUserShouldNavigateToComponentsPageSuccessfully -->
  <testcase name="verifyProductsPriceDisplayHighToLowSuccessfully" time="0.0" classname="com.tutorialsninja.testsuite.LaptopsAndNoteBooksTest">
    <ignored/>
  </testcase> <!-- verifyProductsPriceDisplayHighToLowSuccessfully -->
  <testcase name="verifyUserShouldNavigateToDesktopsPageSuccessfully" time="0.0" classname="com.tutorialsninja.testsuite.HomepageTest">
    <ignored/>
  </testcase> <!-- verifyUserShouldNavigateToDesktopsPageSuccessfully -->
  <testcase name="verifyThatUserShouldLoginAndLogoutSuccessfully" time="0.0" classname="com.tutorialsninja.testsuite.MyAccountsTest">
    <ignored/>
  </testcase> <!-- verifyThatUserShouldLoginAndLogoutSuccessfully -->
</testsuite> <!-- Smoke Test -->
