<?xml version="1.0" encoding="UTF-8"?>
<!-- Generated by org.testng.reporters.JUnitXMLReporter -->
<testsuite hostname="Jalarambapa" ignored="0" name="Login Test" tests="11" failures="0" timestamp="2022-12-13T22:14:06 GMT" time="144.175" errors="0">
  <testcase name="verifyProductAddedToShoppingCartSuccessFully" time="17.322" classname="com.tutorialsninja.testsuite.DesktopsTest"/>
  <testcase name="verifyProductArrangeInAlphaBaticalOrder" time="2.541" classname="com.tutorialsninja.testsuite.DesktopsTest"/>
  <testcase name="verifyUserShouldNavigateToComponentsPageSuccessfully" time="0.846" classname="com.tutorialsninja.testsuite.HomepageTest"/>
  <testcase name="verifyUserShouldNavigateToDesktopsPageSuccessfully" time="1.229" classname="com.tutorialsninja.testsuite.HomepageTest"/>
  <testcase name="verifyUserShouldNavigateToLaptopsAndNotebooksPageSuccessfully" time="1.13" classname="com.tutorialsninja.testsuite.HomepageTest"/>
  <testcase name="verifyProductsPriceDisplayHighToLowSuccessfully" time="1.74" classname="com.tutorialsninja.testsuite.LaptopsAndNoteBooksTest"/>
  <testcase name="verifyThatUserPlaceOrderSuccessfully" time="16.185" classname="com.tutorialsninja.testsuite.LaptopsAndNoteBooksTest"/>
  <testcase name="verifyThatUserRegisterAccountSuccessfully" time="23.828" classname="com.tutorialsninja.testsuite.MyAccountsTest"/>
  <testcase name="verifyThatUserShouldLoginAndLogoutSuccessfully" time="2.31" classname="com.tutorialsninja.testsuite.MyAccountsTest"/>
  <testcase name="verifyUserShouldNavigateToLoginPageSuccessfully" time="0.626" classname="com.tutorialsninja.testsuite.MyAccountsTest"/>
  <testcase name="verifyUserShouldNavigateToRegisterPageSuccessfully" time="21.268" classname="com.tutorialsninja.testsuite.MyAccountsTest"/>
</testsuite> <!-- Login Test -->
